Determining if the pthread_create exist failed with the following output:
Change Dir: /home/nvidia/group1_ws/build/CMakeFiles/CMakeTmp

Run Build Command:"/usr/bin/make" "cmTC_4beec/fast"
/usr/bin/make -f CMakeFiles/cmTC_4beec.dir/build.make CMakeFiles/cmTC_4beec.dir/build
make[1]: Entering directory '/home/nvidia/group1_ws/build/CMakeFiles/CMakeTmp'
Building C object CMakeFiles/cmTC_4beec.dir/CheckSymbolExists.c.o
/usr/bin/cc     -o CMakeFiles/cmTC_4beec.dir/CheckSymbolExists.c.o   -c /home/nvidia/group1_ws/build/CMakeFiles/CMakeTmp/CheckSymbolExists.c
Linking C executable cmTC_4beec
/usr/bin/cmake -E cmake_link_script CMakeFiles/cmTC_4beec.dir/link.txt --verbose=1
/usr/bin/cc       CMakeFiles/cmTC_4beec.dir/CheckSymbolExists.c.o  -o cmTC_4beec -rdynamic 
CMakeFiles/cmTC_4beec.dir/CheckSymbolExists.c.o: In function `main':
CheckSymbolExists.c:(.text+0x14): undefined reference to `pthread_create'
CheckSymbolExists.c:(.text+0x18): undefined reference to `pthread_create'
collect2: error: ld returned 1 exit status
CMakeFiles/cmTC_4beec.dir/build.make:97: recipe for target 'cmTC_4beec' failed
make[1]: *** [cmTC_4beec] Error 1
make[1]: Leaving directory '/home/nvidia/group1_ws/build/CMakeFiles/CMakeTmp'
Makefile:126: recipe for target 'cmTC_4beec/fast' failed
make: *** [cmTC_4beec/fast] Error 2

File /home/nvidia/group1_ws/build/CMakeFiles/CMakeTmp/CheckSymbolExists.c:
/* */
#include <pthread.h>

int main(int argc, char** argv)
{
  (void)argv;
#ifndef pthread_create
  return ((int*)(&pthread_create))[argc];
#else
  (void)argc;
  return 0;
#endif
}

Determining if the function pthread_create exists in the pthreads failed with the following output:
Change Dir: /home/nvidia/group1_ws/build/CMakeFiles/CMakeTmp

Run Build Command:"/usr/bin/make" "cmTC_0ff20/fast"
/usr/bin/make -f CMakeFiles/cmTC_0ff20.dir/build.make CMakeFiles/cmTC_0ff20.dir/build
make[1]: Entering directory '/home/nvidia/group1_ws/build/CMakeFiles/CMakeTmp'
Building C object CMakeFiles/cmTC_0ff20.dir/CheckFunctionExists.c.o
/usr/bin/cc    -DCHECK_FUNCTION_EXISTS=pthread_create   -o CMakeFiles/cmTC_0ff20.dir/CheckFunctionExists.c.o   -c /usr/share/cmake-3.5/Modules/CheckFunctionExists.c
Linking C executable cmTC_0ff20
/usr/bin/cmake -E cmake_link_script CMakeFiles/cmTC_0ff20.dir/link.txt --verbose=1
/usr/bin/cc   -DCHECK_FUNCTION_EXISTS=pthread_create    CMakeFiles/cmTC_0ff20.dir/CheckFunctionExists.c.o  -o cmTC_0ff20 -rdynamic -lpthreads 
/usr/bin/ld: cannot find -lpthreads
collect2: error: ld returned 1 exit status
CMakeFiles/cmTC_0ff20.dir/build.make:97: recipe for target 'cmTC_0ff20' failed
make[1]: *** [cmTC_0ff20] Error 1
make[1]: Leaving directory '/home/nvidia/group1_ws/build/CMakeFiles/CMakeTmp'
Makefile:126: recipe for target 'cmTC_0ff20/fast' failed
make: *** [cmTC_0ff20/fast] Error 2


